{"level":"info","message":"Server is up and running","timestamp":"2024-08-31 02:52:56 PM"}
{"level":"info","message":"Incoming request at /movie and method GET","timestamp":"2024-08-31 02:53:08 PM"}
{"level":"error","message":"Access by unauthriozed user at /movie and GET","timestamp":"2024-08-31 02:53:08 PM"}
{"level":"info","message":"Incoming request at /users/login and method POST","timestamp":"2024-08-31 02:53:16 PM"}
{"level":"info","message":"Incoming request at /user/login and method POST","timestamp":"2024-08-31 02:53:23 PM"}
{"level":"info","message":"Incoming request at /movie and method GET","timestamp":"2024-08-31 02:53:35 PM"}
{"level":"info","message":"Server is up and running","timestamp":"2024-08-31 02:53:57 PM"}
{"level":"info","message":"Server is up and running","timestamp":"2024-08-31 02:54:01 PM"}
{"level":"info","message":"Server is up and running","timestamp":"2024-08-31 02:54:02 PM"}
{"level":"info","message":"Server is up and running","timestamp":"2024-08-31 02:54:05 PM"}
{"level":"info","message":"Server is up and running","timestamp":"2024-08-31 02:54:06 PM"}
{"level":"info","message":"Incoming request at /movie and method GET","timestamp":"2024-08-31 02:54:09 PM"}
{"level":"info","message":"Server is up and running","timestamp":"2024-08-31 02:54:55 PM"}
{"level":"info","message":"Server is up and running","timestamp":"2024-08-31 02:54:59 PM"}
{"level":"info","message":"Incoming request at /movie and method GET","timestamp":"2024-08-31 02:55:00 PM"}
{"level":"info","message":"Server is up and running","timestamp":"2024-08-31 02:56:46 PM"}
{"level":"info","message":"Server is up and running","timestamp":"2024-08-31 02:56:51 PM"}
{"level":"info","message":"Server is up and running","timestamp":"2024-08-31 02:57:01 PM"}
{"level":"info","message":"Server is up and running","timestamp":"2024-08-31 02:57:06 PM"}
{"level":"info","message":"Server is up and running","timestamp":"2024-08-31 02:57:18 PM"}
{"level":"info","message":"Server is up and running","timestamp":"2024-08-31 02:57:30 PM"}
{"level":"info","message":"Server is up and running","timestamp":"2024-08-31 02:57:50 PM"}
{"level":"info","message":"Server is up and running","timestamp":"2024-08-31 02:57:57 PM"}
{"level":"info","message":"Server is up and running","timestamp":"2024-08-31 02:58:07 PM"}
{"level":"info","message":"Server is up and running","timestamp":"2024-08-31 02:58:21 PM"}
{"level":"info","message":"Server is up and running","timestamp":"2024-08-31 02:58:22 PM"}
{"level":"info","message":"Server is up and running","timestamp":"2024-08-31 02:58:27 PM"}
{"level":"info","message":"Server is up and running","timestamp":"2024-08-31 02:58:34 PM"}
{"level":"info","message":"Server is up and running","timestamp":"2024-08-31 02:58:40 PM"}
{"level":"info","message":"Server is up and running","timestamp":"2024-08-31 02:58:52 PM"}
{"level":"info","message":"Server is up and running","timestamp":"2024-08-31 02:59:00 PM"}
{"level":"info","message":"Server is up and running","timestamp":"2024-08-31 02:59:08 PM"}
{"level":"info","message":"Server is up and running","timestamp":"2024-08-31 02:59:10 PM"}
{"level":"info","message":"Server is up and running","timestamp":"2024-08-31 02:59:17 PM"}
{"level":"info","message":"Server is up and running","timestamp":"2024-08-31 02:59:48 PM"}
{"level":"info","message":"Incoming request at /user/login and method POST","timestamp":"2024-08-31 02:59:54 PM"}
{"level":"info","message":"Server is up and running","timestamp":"2024-08-31 03:00:03 PM"}
{"level":"info","message":"Server is up and running","timestamp":"2024-08-31 03:00:08 PM"}
{"level":"info","message":"Server is up and running","timestamp":"2024-08-31 03:00:09 PM"}
{"level":"info","message":"Server is up and running","timestamp":"2024-08-31 03:00:13 PM"}
{"level":"info","message":"Server is up and running","timestamp":"2024-08-31 03:00:15 PM"}
{"level":"info","message":"Server is up and running","timestamp":"2024-08-31 03:00:18 PM"}
{"level":"info","message":"Server is up and running","timestamp":"2024-08-31 03:00:20 PM"}
{"level":"info","message":"Server is up and running","timestamp":"2024-08-31 03:00:23 PM"}
{"level":"info","message":"Server is up and running","timestamp":"2024-08-31 03:00:28 PM"}
{"level":"info","message":"Incoming request at /user/login and method POST","timestamp":"2024-08-31 03:00:30 PM"}
{"level":"info","message":"Server is up and running","timestamp":"2024-08-31 03:00:44 PM"}
{"level":"info","message":"Server is up and running","timestamp":"2024-08-31 03:12:45 PM"}
{"level":"info","message":"Server is up and running","timestamp":"2024-08-31 03:21:10 PM"}
{"level":"info","message":"Server is up and running","timestamp":"2024-08-31 03:21:14 PM"}
{"level":"info","message":"Server is up and running","timestamp":"2024-08-31 03:21:18 PM"}
{"level":"info","message":"Server is up and running","timestamp":"2024-08-31 03:22:36 PM"}
{"level":"info","message":"Server is up and running","timestamp":"2024-08-31 03:29:42 PM"}
{"level":"info","message":"Server is up and running","timestamp":"2024-08-31 03:29:46 PM"}
{"level":"info","message":"Server is up and running","timestamp":"2024-08-31 03:29:55 PM"}
{"level":"info","message":"Server is up and running","timestamp":"2024-08-31 03:29:58 PM"}
{"level":"info","message":"Server is up and running","timestamp":"2024-08-31 03:30:08 PM"}
{"level":"info","message":"Server is up and running","timestamp":"2024-08-31 03:30:09 PM"}
{"level":"info","message":"Server is up and running","timestamp":"2024-08-31 03:30:13 PM"}
{"level":"info","message":"Server is up and running","timestamp":"2024-08-31 03:30:18 PM"}
{"level":"info","message":"Server is up and running","timestamp":"2024-08-31 03:30:20 PM"}
{"level":"info","message":"Server is up and running","timestamp":"2024-08-31 03:30:24 PM"}
{"level":"info","message":"Server is up and running","timestamp":"2024-08-31 03:30:26 PM"}
{"level":"info","message":"Server is up and running","timestamp":"2024-08-31 03:30:29 PM"}
{"level":"info","message":"Server is up and running","timestamp":"2024-08-31 03:30:30 PM"}
{"level":"info","message":"Server is up and running","timestamp":"2024-08-31 03:30:31 PM"}
{"level":"info","message":"Server is up and running","timestamp":"2024-08-31 03:30:37 PM"}
{"level":"info","message":"Server is up and running","timestamp":"2024-08-31 03:30:50 PM"}
{"level":"info","message":"Server is up and running","timestamp":"2024-08-31 03:30:52 PM"}
{"level":"info","message":"Server is up and running","timestamp":"2024-08-31 03:30:59 PM"}
{"level":"info","message":"Server is up and running","timestamp":"2024-08-31 03:31:01 PM"}
{"level":"info","message":"Server is up and running","timestamp":"2024-08-31 03:31:05 PM"}
{"level":"info","message":"Server is up and running","timestamp":"2024-08-31 03:31:12 PM"}
{"level":"info","message":"Server is up and running","timestamp":"2024-08-31 03:31:14 PM"}
{"level":"info","message":"Server is up and running","timestamp":"2024-08-31 03:31:40 PM"}
{"level":"info","message":"Server is up and running","timestamp":"2024-08-31 03:31:44 PM"}
{"level":"info","message":"Server is up and running","timestamp":"2024-08-31 03:31:49 PM"}
{"level":"info","message":"Server is up and running","timestamp":"2024-08-31 03:32:09 PM"}
{"level":"info","message":"Server is up and running","timestamp":"2024-08-31 03:32:13 PM"}
{"level":"info","message":"Incoming request at /movie?searchText=small%20town and method GET","timestamp":"2024-08-31 03:32:53 PM"}
{"level":"info","message":"Server is up and running","timestamp":"2024-08-31 03:33:15 PM"}
{"level":"info","message":"Server is up and running","timestamp":"2024-08-31 03:33:17 PM"}
{"level":"info","message":"Server is up and running","timestamp":"2024-08-31 03:33:21 PM"}
{"level":"info","message":"Incoming request at /movie?searchText=small%20town and method GET","timestamp":"2024-08-31 03:33:23 PM"}
{"level":"info","message":"Server is up and running","timestamp":"2024-08-31 03:33:40 PM"}
{"level":"info","message":"Server is up and running","timestamp":"2024-08-31 03:33:42 PM"}
{"level":"info","message":"Server is up and running","timestamp":"2024-08-31 03:33:46 PM"}
{"level":"info","message":"Server is up and running","timestamp":"2024-08-31 03:33:48 PM"}
{"level":"info","message":"Server is up and running","timestamp":"2024-08-31 03:33:53 PM"}
{"level":"info","message":"Incoming request at /movie?searchText=small%20town and method GET","timestamp":"2024-08-31 03:33:57 PM"}
{"level":"info","message":"Server is up and running","timestamp":"2024-08-31 03:34:24 PM"}
{"level":"info","message":"Server is up and running","timestamp":"2024-08-31 03:34:26 PM"}
{"level":"info","message":"Server is up and running","timestamp":"2024-08-31 03:34:27 PM"}
{"level":"info","message":"Incoming request at /movie?searchText=small%20town and method GET","timestamp":"2024-08-31 03:34:29 PM"}
{"level":"info","message":"Server is up and running","timestamp":"2024-08-31 03:37:55 PM"}
{"level":"info","message":"Server is up and running","timestamp":"2024-08-31 03:38:00 PM"}
{"level":"info","message":"Server is up and running","timestamp":"2024-08-31 03:38:07 PM"}
{"level":"info","message":"Server is up and running","timestamp":"2024-08-31 03:38:08 PM"}
{"level":"info","message":"Server is up and running","timestamp":"2024-08-31 03:38:14 PM"}
{"level":"info","message":"Incoming request at /movie?searchText=small and method GET","timestamp":"2024-08-31 03:38:21 PM"}
{"level":"info","message":"Incoming request at /movie?searchText=small%20town and method GET","timestamp":"2024-08-31 03:38:32 PM"}
{"level":"info","message":"Incoming request at /movie?searchText=True%20Detectiv and method GET","timestamp":"2024-08-31 03:39:14 PM"}
{"level":"info","message":"Server is up and running","timestamp":"2024-08-31 03:39:26 PM"}
{"level":"info","message":"Server is up and running","timestamp":"2024-08-31 03:39:30 PM"}
{"level":"info","message":"Incoming request at /movie?searchText=small%20town?sortBy:asc=id and method GET","timestamp":"2024-08-31 03:39:58 PM"}
{"level":"info","message":"Incoming request at /movie?searchText=small%20town&sortBy:asc=id and method GET","timestamp":"2024-08-31 03:40:31 PM"}
